D:\WORKSPACE\IMGEDITOR_WORKSPACE\IMGEDITOR\FILEIO\DEBUG\FILEIO.PCH
D:\WORKSPACE\IMGEDITOR_WORKSPACE\IMGEDITOR\FILEIO\DEBUG\STDAFX.OBJ
D:\WORKSPACE\IMGEDITOR_WORKSPACE\IMGEDITOR\FILEIO\DEBUG\VC110.PDB
D:\WORKSPACE\IMGEDITOR_WORKSPACE\IMGEDITOR\FILEIO\DEBUG\FILEIO.OBJ
D:\WORKSPACE\IMGEDITOR_WORKSPACE\IMGEDITOR\FILEIO\DEBUG\IMGFILEIO.OBJ
D:\WorkSpace\ImgEditor_WorkSpace\ImgEditor\Debug\FileIO.lib
D:\WorkSpace\ImgEditor_WorkSpace\ImgEditor\Debug\FileIO.exp
D:\WORKSPACE\IMGEDITOR_WORKSPACE\WORKDIR\FILEIO.ILK
D:\WORKSPACE\IMGEDITOR_WORKSPACE\WORKDIR\FILEIO.DLL
D:\WORKSPACE\IMGEDITOR_WORKSPACE\IMGEDITOR\DEBUG\FILEIO.PDB
D:\WORKSPACE\IMGEDITOR_WORKSPACE\IMGEDITOR\FILEIO\DEBUG\FILEIO.RES
D:\WorkSpace\ImgEditor_WorkSpace\ImgEditor\FileIO\Debug\FileIO.obj
D:\WorkSpace\ImgEditor_WorkSpace\ImgEditor\FileIO\Debug\ImgFileIO.obj
D:\WorkSpace\ImgEditor_WorkSpace\ImgEditor\FileIO\Debug\stdafx.obj
D:\WorkSpace\ImgEditor_WorkSpace\ImgEditor\FileIO\Debug\cl.command.1.tlog
D:\WorkSpace\ImgEditor_WorkSpace\ImgEditor\FileIO\Debug\CL.read.1.tlog
D:\WorkSpace\ImgEditor_WorkSpace\ImgEditor\FileIO\Debug\CL.write.1.tlog
D:\WorkSpace\ImgEditor_WorkSpace\ImgEditor\FileIO\Debug\FileIO.write.1.tlog
D:\WorkSpace\ImgEditor_WorkSpace\ImgEditor\FileIO\Debug\link-cvtres.read.1.tlog
D:\WorkSpace\ImgEditor_WorkSpace\ImgEditor\FileIO\Debug\link-cvtres.write.1.tlog
D:\WorkSpace\ImgEditor_WorkSpace\ImgEditor\FileIO\Debug\link-mt.read.1.tlog
D:\WorkSpace\ImgEditor_WorkSpace\ImgEditor\FileIO\Debug\link-mt.write.1.tlog
D:\WorkSpace\ImgEditor_WorkSpace\ImgEditor\FileIO\Debug\link-rc.read.1.tlog
D:\WorkSpace\ImgEditor_WorkSpace\ImgEditor\FileIO\Debug\link-rc.write.1.tlog
D:\WorkSpace\ImgEditor_WorkSpace\ImgEditor\FileIO\Debug\link.command.1.tlog
D:\WorkSpace\ImgEditor_WorkSpace\ImgEditor\FileIO\Debug\link.read.1.tlog
D:\WorkSpace\ImgEditor_WorkSpace\ImgEditor\FileIO\Debug\link.write.1.tlog
D:\WorkSpace\ImgEditor_WorkSpace\ImgEditor\FileIO\Debug\rc.command.1.tlog
D:\WorkSpace\ImgEditor_WorkSpace\ImgEditor\FileIO\Debug\rc.read.1.tlog
D:\WorkSpace\ImgEditor_WorkSpace\ImgEditor\FileIO\Debug\rc.write.1.tlog
D:\WorkSpace\ImgEditor_WorkSpace\ImgEditor\FileIO\Debug\FileIO.res
D:\WorkSpace\ImgEditor_WorkSpace\ImgEditor\FileIO\Debug\FileIO.pch
D:\WorkSpace\ImgEditor_WorkSpace\ImgEditor\FileIO\Debug\vc110.idb
D:\WorkSpace\ImgEditor_WorkSpace\ImgEditor\FileIO\Debug\vc110.pdb
D:\WorkSpace\ImgEditor_WorkSpace\ImgEditor\Debug\FileIO.pdb
