生成启动时间为 2016/2/15 22:42:33。
     1>项目“D:\WorkSpace\ImgEditor_WorkSpace\ImgEditor\ImgEditor\ImgEditor.vcxproj”在节点 2 上(Build 个目标)。
     1>InitializeBuildStatus:
         正在创建“Debug\ImgEditor.unsuccessfulbuild”，因为已指定“AlwaysCreate”。
       ClCompile:
         所有输出均为最新。
         所有输出均为最新。
       ResourceCompile:
         所有输出均为最新。
     1>C:\Program Files (x86)\MSBuild\Microsoft.Cpp\v4.0\V110\Microsoft.CppBuild.targets(1137,5): warning MSB8012: TargetPath(D:\WorkSpace\ImgEditor_WorkSpace\ImgEditor\Debug\ImgEditor.exe) does not match the Linker's OutputFile property value (D:\WorkSpace\ImgEditor_WorkSpace\WorkDir\ImgEditor.exe). This may cause your project to build incorrectly. To correct this, please make sure that $(OutDir), $(TargetName) and $(TargetExt) property values match the value specified in %(Link.OutputFile).
       Link:
         D:\Program Files (x86)\Microsoft Visual Studio 11.0\VC\bin\link.exe /ERRORREPORT:PROMPT /OUT:"..\..\WorkDir\ImgEditor.exe" /INCREMENTAL /NOLOGO FileIO.lib UtilityFun.lib /MANIFEST /MANIFESTUAC:"level='asInvoker' uiAccess='false'" /manifest:embed /manifestinput:"D:\Program Files (x86)\Microsoft Visual Studio 11.0\VC\Include\Manifest\dpiaware.manifest" /DEBUG /PDB:"D:\WorkSpace\ImgEditor_WorkSpace\ImgEditor\Debug\ImgEditor.pdb" /SUBSYSTEM:WINDOWS,"5.01" /TLBID:1 /ENTRY:"wWinMainCRTStartup" /DYNAMICBASE /NXCOMPAT /IMPLIB:"D:\WorkSpace\ImgEditor_WorkSpace\ImgEditor\Debug\ImgEditor.lib" /MACHINE:X86 Debug\ImgEditor.res
         Debug\ChildFrm.obj
         Debug\ImgEditor.obj
         Debug\ImgEditorDoc.obj
         Debug\ImgEditorView.obj
         Debug\MainFrm.obj
         Debug\stdafx.obj
         ImgEditor.vcxproj -> D:\WorkSpace\ImgEditor_WorkSpace\ImgEditor\Debug\ImgEditor.exe
       FinalizeBuildStatus:
         正在删除文件“Debug\ImgEditor.unsuccessfulbuild”。
         正在对“Debug\ImgEditor.lastbuildstate”执行 Touch 任务。
     1>已完成生成项目“D:\WorkSpace\ImgEditor_WorkSpace\ImgEditor\ImgEditor\ImgEditor.vcxproj”(Build 个目标)的操作。

生成成功。

已用时间 00:00:01.64
