D:\WORKSPACE\IMGEDITOR_WORKSPACE\IMGEDITOR\IMGEDITOR\DEBUG\IMGEDITOR.PCH
D:\WORKSPACE\IMGEDITOR_WORKSPACE\IMGEDITOR\IMGEDITOR\DEBUG\STDAFX.OBJ
D:\WORKSPACE\IMGEDITOR_WORKSPACE\IMGEDITOR\IMGEDITOR\DEBUG\VC110.PDB
D:\WORKSPACE\IMGEDITOR_WORKSPACE\IMGEDITOR\IMGEDITOR\DEBUG\CHILDFRM.OBJ
D:\WORKSPACE\IMGEDITOR_WORKSPACE\IMGEDITOR\IMGEDITOR\DEBUG\IMGEDITOR.OBJ
D:\WORKSPACE\IMGEDITOR_WORKSPACE\IMGEDITOR\IMGEDITOR\DEBUG\IMGEDITORDOC.OBJ
D:\WORKSPACE\IMGEDITOR_WORKSPACE\IMGEDITOR\IMGEDITOR\DEBUG\IMGEDITORVIEW.OBJ
D:\WORKSPACE\IMGEDITOR_WORKSPACE\IMGEDITOR\IMGEDITOR\DEBUG\MAINFRM.OBJ
D:\WORKSPACE\IMGEDITOR_WORKSPACE\WORKDIR\IMGEDITOR.ILK
D:\WORKSPACE\IMGEDITOR_WORKSPACE\WORKDIR\IMGEDITOR.EXE
D:\WORKSPACE\IMGEDITOR_WORKSPACE\IMGEDITOR\DEBUG\IMGEDITOR.PDB
D:\WORKSPACE\IMGEDITOR_WORKSPACE\IMGEDITOR\IMGEDITOR\DEBUG\IMGEDITOR.RES
D:\WorkSpace\ImgEditor_WorkSpace\ImgEditor\ImgEditor\Debug\ChildFrm.obj
D:\WorkSpace\ImgEditor_WorkSpace\ImgEditor\ImgEditor\Debug\ImgEditor.obj
D:\WorkSpace\ImgEditor_WorkSpace\ImgEditor\ImgEditor\Debug\ImgEditorDoc.obj
D:\WorkSpace\ImgEditor_WorkSpace\ImgEditor\ImgEditor\Debug\ImgEditorView.obj
D:\WorkSpace\ImgEditor_WorkSpace\ImgEditor\ImgEditor\Debug\MainFrm.obj
D:\WorkSpace\ImgEditor_WorkSpace\ImgEditor\ImgEditor\Debug\stdafx.obj
D:\WorkSpace\ImgEditor_WorkSpace\ImgEditor\ImgEditor\Debug\cl.command.1.tlog
D:\WorkSpace\ImgEditor_WorkSpace\ImgEditor\ImgEditor\Debug\CL.read.1.tlog
D:\WorkSpace\ImgEditor_WorkSpace\ImgEditor\ImgEditor\Debug\CL.write.1.tlog
D:\WorkSpace\ImgEditor_WorkSpace\ImgEditor\ImgEditor\Debug\link-cvtres.read.1.tlog
D:\WorkSpace\ImgEditor_WorkSpace\ImgEditor\ImgEditor\Debug\link-cvtres.write.1.tlog
D:\WorkSpace\ImgEditor_WorkSpace\ImgEditor\ImgEditor\Debug\link-mt.read.1.tlog
D:\WorkSpace\ImgEditor_WorkSpace\ImgEditor\ImgEditor\Debug\link-mt.write.1.tlog
D:\WorkSpace\ImgEditor_WorkSpace\ImgEditor\ImgEditor\Debug\link-rc.read.1.tlog
D:\WorkSpace\ImgEditor_WorkSpace\ImgEditor\ImgEditor\Debug\link-rc.write.1.tlog
D:\WorkSpace\ImgEditor_WorkSpace\ImgEditor\ImgEditor\Debug\link.command.1.tlog
D:\WorkSpace\ImgEditor_WorkSpace\ImgEditor\ImgEditor\Debug\link.read.1.tlog
D:\WorkSpace\ImgEditor_WorkSpace\ImgEditor\ImgEditor\Debug\link.write.1.tlog
D:\WorkSpace\ImgEditor_WorkSpace\ImgEditor\ImgEditor\Debug\rc.command.1.tlog
D:\WorkSpace\ImgEditor_WorkSpace\ImgEditor\ImgEditor\Debug\rc.read.1.tlog
D:\WorkSpace\ImgEditor_WorkSpace\ImgEditor\ImgEditor\Debug\rc.write.1.tlog
D:\WorkSpace\ImgEditor_WorkSpace\ImgEditor\ImgEditor\Debug\ImgEditor.res
D:\WorkSpace\ImgEditor_WorkSpace\ImgEditor\ImgEditor\Debug\ImgEditor.pch
D:\WorkSpace\ImgEditor_WorkSpace\ImgEditor\ImgEditor\Debug\vc110.idb
D:\WorkSpace\ImgEditor_WorkSpace\ImgEditor\ImgEditor\Debug\vc110.pdb
D:\WorkSpace\ImgEditor_WorkSpace\ImgEditor\Debug\ImgEditor.pdb
