生成启动时间为 2016/2/15 22:27:56。
     1>项目“D:\WorkSpace\ImgEditor_WorkSpace\ImgEditor\UtilityFun\UtilityFun.vcxproj”在节点 2 上(Rebuild 个目标)。
     1>_PrepareForClean:
         正在删除文件“Debug\UtilityFun.lastbuildstate”。
       InitializeBuildStatus:
         正在创建“Debug\UtilityFun.unsuccessfulbuild”，因为已指定“AlwaysCreate”。
       ClCompile:
         D:\Program Files (x86)\Microsoft Visual Studio 11.0\VC\bin\CL.exe /c /ZI /nologo /W3 /WX- /sdl /Od /Oy- /D WIN32 /D _WINDOWS /D _DEBUG /D _USRDLL /D _WINDLL /D _UNICODE /D UNICODE /D _AFXDLL /Gm /EHsc /RTC1 /MDd /GS /fp:precise /Zc:wchar_t /Zc:forScope /Yc"stdafx.h" /Fp"Debug\UtilityFun.pch" /Fo"Debug\\" /Fd"Debug\vc110.pdb" /Gd /TP /analyze- /errorReport:prompt stdafx.cpp
         stdafx.cpp
         D:\Program Files (x86)\Microsoft Visual Studio 11.0\VC\bin\CL.exe /c /ZI /nologo /W3 /WX- /sdl /Od /Oy- /D WIN32 /D _WINDOWS /D _DEBUG /D _USRDLL /D _WINDLL /D _UNICODE /D UNICODE /D _AFXDLL /Gm /EHsc /RTC1 /MDd /GS /fp:precise /Zc:wchar_t /Zc:forScope /Yu"stdafx.h" /Fp"Debug\UtilityFun.pch" /Fo"Debug\\" /Fd"Debug\vc110.pdb" /Gd /TP /analyze- /errorReport:prompt UtilityFun.cpp
         UtilityFun.cpp
       ResourceCompile:
         C:\Program Files (x86)\Windows Kits\8.0\bin\x86\rc.exe /D _DEBUG /D _UNICODE /D UNICODE /D _AFXDLL /l"0x0804" /IDebug\ /nologo /fo"Debug\UtilityFun.res" UtilityFun.rc 
     1>C:\Program Files (x86)\MSBuild\Microsoft.Cpp\v4.0\V110\Microsoft.CppBuild.targets(1137,5): warning MSB8012: TargetPath(D:\WorkSpace\ImgEditor_WorkSpace\ImgEditor\Debug\UtilityFun.dll) does not match the Linker's OutputFile property value (D:\WorkSpace\ImgEditor_WorkSpace\WorkDir\UtilityFun.dll). This may cause your project to build incorrectly. To correct this, please make sure that $(OutDir), $(TargetName) and $(TargetExt) property values match the value specified in %(Link.OutputFile).
       Link:
         D:\Program Files (x86)\Microsoft Visual Studio 11.0\VC\bin\link.exe /ERRORREPORT:PROMPT /OUT:"..\..\WorkDir\UtilityFun.dll" /INCREMENTAL /NOLOGO /DEF:".\UtilityFun.def" /MANIFEST /MANIFESTUAC:"level='asInvoker' uiAccess='false'" /manifest:embed /manifestinput:"D:\Program Files (x86)\Microsoft Visual Studio 11.0\VC\Include\Manifest\dpiaware.manifest" /DEBUG /PDB:"D:\WorkSpace\ImgEditor_WorkSpace\ImgEditor\Debug\UtilityFun.pdb" /SUBSYSTEM:WINDOWS /TLBID:1 /DYNAMICBASE /NXCOMPAT /IMPLIB:"D:\WorkSpace\ImgEditor_WorkSpace\ImgEditor\Debug\UtilityFun.lib" /MACHINE:X86 /DLL Debug\UtilityFun.res
         Debug\stdafx.obj
         Debug\UtilityFun.obj
            正在创建库 D:\WorkSpace\ImgEditor_WorkSpace\ImgEditor\Debug\UtilityFun.lib 和对象 D:\WorkSpace\ImgEditor_WorkSpace\ImgEditor\Debug\UtilityFun.exp
         UtilityFun.vcxproj -> D:\WorkSpace\ImgEditor_WorkSpace\ImgEditor\Debug\UtilityFun.dll
       PostBuildEvent:
         xcopy /r /y ..\Debug\UtilityFun.lib ..\..\Lib
         xcopy /r /y UtilityFun.h ..\..\Include
         :VCEnd
         ..\Debug\UtilityFun.lib
         复制了 1 个文件
         D:UtilityFun.h
         复制了 1 个文件
       FinalizeBuildStatus:
         正在删除文件“Debug\UtilityFun.unsuccessfulbuild”。
         正在对“Debug\UtilityFun.lastbuildstate”执行 Touch 任务。
     1>已完成生成项目“D:\WorkSpace\ImgEditor_WorkSpace\ImgEditor\UtilityFun\UtilityFun.vcxproj”(Rebuild 个目标)的操作。

生成成功。

已用时间 00:00:03.77
