D:\WORKSPACE\IMGEDITOR_WORKSPACE\IMGEDITOR\UTILITYFUN\DEBUG\UTILITYFUN.PCH
D:\WORKSPACE\IMGEDITOR_WORKSPACE\IMGEDITOR\UTILITYFUN\DEBUG\STDAFX.OBJ
D:\WORKSPACE\IMGEDITOR_WORKSPACE\IMGEDITOR\UTILITYFUN\DEBUG\VC110.PDB
D:\WORKSPACE\IMGEDITOR_WORKSPACE\IMGEDITOR\UTILITYFUN\DEBUG\UTILITYFUN.OBJ
D:\WORKSPACE\IMGEDITOR_WORKSPACE\IMGEDITOR\DEBUG\UTILITYFUN.ILK
D:\WORKSPACE\IMGEDITOR_WORKSPACE\IMGEDITOR\DEBUG\UTILITYFUN.DLL
D:\WORKSPACE\IMGEDITOR_WORKSPACE\IMGEDITOR\DEBUG\UTILITYFUN.PDB
D:\WORKSPACE\IMGEDITOR_WORKSPACE\IMGEDITOR\UTILITYFUN\DEBUG\UTILITYFUN.RES
D:\WorkSpace\ImgEditor_WorkSpace\ImgEditor\Debug\UtilityFun.lib
D:\WorkSpace\ImgEditor_WorkSpace\ImgEditor\Debug\UtilityFun.exp
D:\WorkSpace\ImgEditor_WorkSpace\ImgEditor\UtilityFun\Debug\stdafx.obj
D:\WorkSpace\ImgEditor_WorkSpace\ImgEditor\UtilityFun\Debug\UtilityFun.obj
D:\WorkSpace\ImgEditor_WorkSpace\ImgEditor\UtilityFun\Debug\cl.command.1.tlog
D:\WorkSpace\ImgEditor_WorkSpace\ImgEditor\UtilityFun\Debug\CL.read.1.tlog
D:\WorkSpace\ImgEditor_WorkSpace\ImgEditor\UtilityFun\Debug\CL.write.1.tlog
D:\WorkSpace\ImgEditor_WorkSpace\ImgEditor\UtilityFun\Debug\link-cvtres.read.1.tlog
D:\WorkSpace\ImgEditor_WorkSpace\ImgEditor\UtilityFun\Debug\link-cvtres.write.1.tlog
D:\WorkSpace\ImgEditor_WorkSpace\ImgEditor\UtilityFun\Debug\link-mt.read.1.tlog
D:\WorkSpace\ImgEditor_WorkSpace\ImgEditor\UtilityFun\Debug\link-mt.write.1.tlog
D:\WorkSpace\ImgEditor_WorkSpace\ImgEditor\UtilityFun\Debug\link-rc.read.1.tlog
D:\WorkSpace\ImgEditor_WorkSpace\ImgEditor\UtilityFun\Debug\link-rc.write.1.tlog
D:\WorkSpace\ImgEditor_WorkSpace\ImgEditor\UtilityFun\Debug\link.command.1.tlog
D:\WorkSpace\ImgEditor_WorkSpace\ImgEditor\UtilityFun\Debug\link.read.1.tlog
D:\WorkSpace\ImgEditor_WorkSpace\ImgEditor\UtilityFun\Debug\link.write.1.tlog
D:\WorkSpace\ImgEditor_WorkSpace\ImgEditor\UtilityFun\Debug\rc.command.1.tlog
D:\WorkSpace\ImgEditor_WorkSpace\ImgEditor\UtilityFun\Debug\rc.read.1.tlog
D:\WorkSpace\ImgEditor_WorkSpace\ImgEditor\UtilityFun\Debug\rc.write.1.tlog
D:\WorkSpace\ImgEditor_WorkSpace\ImgEditor\UtilityFun\Debug\UtilityFun.write.1.tlog
D:\WorkSpace\ImgEditor_WorkSpace\ImgEditor\UtilityFun\Debug\UtilityFun.res
D:\WorkSpace\ImgEditor_WorkSpace\ImgEditor\UtilityFun\Debug\UtilityFun.pch
D:\WorkSpace\ImgEditor_WorkSpace\ImgEditor\UtilityFun\Debug\vc110.idb
D:\WorkSpace\ImgEditor_WorkSpace\ImgEditor\UtilityFun\Debug\vc110.pdb
D:\WorkSpace\ImgEditor_WorkSpace\ImgEditor\Debug\UtilityFun.pdb
D:\WorkSpace\ImgEditor_WorkSpace\ImgEditor\Debug\UtilityFun.dll
D:\WorkSpace\ImgEditor_WorkSpace\ImgEditor\Debug\UtilityFun.ilk
